<?xml version="1.0" encoding="UTF-8"?>
<!-- Generated by org.testng.reporters.JUnitReportReporter -->
<testsuite hostname="Mypc" name="DriverScripts.Hybrid" tests="1" failures="0" timestamp="18 Dec 2016 06:30:41 GMT" time="65.081" errors="0">
  <testcase name="key" time="65.081" classname="DriverScripts.Hybrid"/>
</testsuite> <!-- DriverScripts.Hybrid -->
