<?xml version="1.0" encoding="UTF-8"?>
<!-- Generated by org.testng.reporters.JUnitReportReporter -->
<testsuite hostname="Mypc" name="testNG.BasicAnnotationsEg" tests="3" failures="0" timestamp="17 Dec 2016 10:51:18 GMT" time="0.027" errors="0">
  <testcase name="function1" time="0.013" classname="testNG.BasicAnnotationsEg"/>
  <testcase name="a" time="0.007" classname="testNG.BasicAnnotationsEg"/>
  <testcase name="function2" time="0.007" classname="testNG.BasicAnnotationsEg"/>
</testsuite> <!-- testNG.BasicAnnotationsEg -->
