<?xml version="1.0" encoding="UTF-8"?>
<!-- Generated by org.testng.reporters.JUnitReportReporter -->
<testsuite hostname="Mypc" name="grid.GridEg" tests="2" failures="0" timestamp="18 Dec 2016 09:37:46 GMT" time="41.220" errors="0">
  <testcase name="tt" time="27.196" classname="grid.GridEg"/>
  <testcase name="tt" time="14.024" classname="grid.GridEg"/>
</testsuite> <!-- grid.GridEg -->
