<?xml version="1.0" encoding="UTF-8"?>
<!-- Generated by org.testng.reporters.JUnitReportReporter -->
<testsuite hostname="Mypc" name="pom.AdminLoginTC" tests="1" failures="0" timestamp="18 Dec 2016 07:18:14 GMT" time="17.318" errors="0">
  <testcase name="lTest" time="17.318" classname="pom.AdminLoginTC"/>
</testsuite> <!-- pom.AdminLoginTC -->
