<?xml version="1.0" encoding="UTF-8"?>
<!-- Generated by org.testng.reporters.JUnitReportReporter -->
<testsuite hostname="Mypc" name="testNG.EmpregTest" tests="1" failures="0" timestamp="17 Dec 2016 11:35:43 GMT" time="5.527" errors="0">
  <testcase name="empreg" time="5.527" classname="testNG.EmpregTest"/>
</testsuite> <!-- testNG.EmpregTest -->
