<?xml version="1.0" encoding="UTF-8"?>
<!-- Generated by org.testng.reporters.JUnitReportReporter -->
<testsuite hostname="Mypc" name="testNG.PrimusBankLogin" tests="1" failures="0" timestamp="17 Dec 2016 11:04:36 GMT" time="5.378" errors="0">
  <testcase name="login" time="5.378" classname="testNG.PrimusBankLogin"/>
</testsuite> <!-- testNG.PrimusBankLogin -->
