<?xml version="1.0" encoding="UTF-8"?>
<!-- Generated by org.testng.reporters.JUnitReportReporter -->
<testsuite hostname="Mypc" name="testNG.DataproviderEg" tests="3" failures="0" timestamp="17 Dec 2016 11:53:56 GMT" time="31.491" errors="0">
  <testcase name="tttt" time="8.809" classname="testNG.DataproviderEg"/>
  <testcase name="tttt" time="6.299" classname="testNG.DataproviderEg"/>
  <testcase name="tttt" time="16.383" classname="testNG.DataproviderEg"/>
</testsuite> <!-- testNG.DataproviderEg -->
