<?xml version="1.0" encoding="UTF-8"?>
<!-- Generated by org.testng.reporters.JUnitReportReporter -->
<testsuite hostname="Mypc" name="testNG.UserregTest" tests="1" failures="0" timestamp="17 Dec 2016 11:35:43 GMT" time="8.291" errors="0">
  <testcase name="userreg" time="8.291" classname="testNG.UserregTest"/>
</testsuite> <!-- testNG.UserregTest -->
