<?xml version="1.0" encoding="UTF-8"?>
<!-- Generated by org.testng.reporters.JUnitReportReporter -->
<testsuite hostname="Mypc" name="DriverScripts.Keyword" tests="1" failures="0" timestamp="18 Dec 2016 06:02:38 GMT" time="97.380" errors="0">
  <testcase name="key" time="97.380" classname="DriverScripts.Keyword"/>
</testsuite> <!-- DriverScripts.Keyword -->
